{"/Users/ayushman/Desktop/SampleReactNativeApp1/server/src/db.js": {"path":"/Users/ayushman/Desktop/SampleReactNativeApp1/server/src/db.js","statementMap":{"0":{"start":{"line":1,"column":14},"end":{"line":1,"column":30}},"1":{"start":{"line":3,"column":11},"end":{"line":10,"column":2}},"2":{"start":{"line":12,"column":0},"end":{"line":12,"column":20}}},"fnMap":{},"branchMap":{},"s":{"0":2,"1":2,"2":2},"f":{},"b":{},"_coverageSchema":"1a1c01bbd47fc00a2c39e90264f33305004495a9","hash":"3c1db71c95e13558e6ad9dba968613072ebb1e22"}
,"/Users/ayushman/Desktop/SampleReactNativeApp1/server/src/datasources/addProfilePicture-api.js": {"path":"/Users/ayushman/Desktop/SampleReactNativeApp1/server/src/datasources/addProfilePicture-api.js","statementMap":{"0":{"start":{"line":1,"column":11},"end":{"line":1,"column":27}},"1":{"start":{"line":4,"column":22},"end":{"line":25,"column":3}},"2":{"start":{"line":5,"column":22},"end":{"line":5,"column":74}},"3":{"start":{"line":7,"column":4},"end":{"line":22,"column":7}},"4":{"start":{"line":8,"column":6},"end":{"line":10,"column":7}},"5":{"start":{"line":9,"column":8},"end":{"line":9,"column":29}},"6":{"start":{"line":13,"column":6},"end":{"line":21,"column":9}},"7":{"start":{"line":14,"column":8},"end":{"line":19,"column":9}},"8":{"start":{"line":15,"column":10},"end":{"line":15,"column":27}},"9":{"start":{"line":16,"column":10},"end":{"line":16,"column":61}},"10":{"start":{"line":18,"column":10},"end":{"line":18,"column":40}},"11":{"start":{"line":20,"column":8},"end":{"line":20,"column":23}},"12":{"start":{"line":24,"column":4},"end":{"line":24,"column":28}},"13":{"start":{"line":28,"column":0},"end":{"line":28,"column":38}}},"fnMap":{"0":{"name":"(anonymous_0)","decl":{"start":{"line":4,"column":22},"end":{"line":4,"column":23}},"loc":{"start":{"line":4,"column":44},"end":{"line":25,"column":3}},"line":4},"1":{"name":"(anonymous_1)","decl":{"start":{"line":7,"column":21},"end":{"line":7,"column":22}},"loc":{"start":{"line":7,"column":42},"end":{"line":22,"column":5}},"line":7},"2":{"name":"(anonymous_2)","decl":{"start":{"line":13,"column":48},"end":{"line":13,"column":49}},"loc":{"start":{"line":13,"column":65},"end":{"line":21,"column":7}},"line":13}},"branchMap":{"0":{"loc":{"start":{"line":8,"column":6},"end":{"line":10,"column":7}},"type":"if","locations":[{"start":{"line":8,"column":6},"end":{"line":10,"column":7}},{"start":{"line":8,"column":6},"end":{"line":10,"column":7}}],"line":8},"1":{"loc":{"start":{"line":14,"column":8},"end":{"line":19,"column":9}},"type":"if","locations":[{"start":{"line":14,"column":8},"end":{"line":19,"column":9}},{"start":{"line":14,"column":8},"end":{"line":19,"column":9}}],"line":14}},"s":{"0":1,"1":0,"2":0,"3":0,"4":0,"5":0,"6":0,"7":0,"8":0,"9":0,"10":0,"11":0,"12":0,"13":1},"f":{"0":0,"1":0,"2":0},"b":{"0":[0,0],"1":[0,0]},"_coverageSchema":"1a1c01bbd47fc00a2c39e90264f33305004495a9","hash":"e0fb8313e080fe32ab9af2dcc4527a7785b9cb85"}
,"/Users/ayushman/Desktop/SampleReactNativeApp1/server/src/datasources/getUserDetails-api.js": {"path":"/Users/ayushman/Desktop/SampleReactNativeApp1/server/src/datasources/getUserDetails-api.js","statementMap":{"0":{"start":{"line":1,"column":11},"end":{"line":1,"column":27}},"1":{"start":{"line":3,"column":11},"end":{"line":3,"column":13}},"2":{"start":{"line":5,"column":18},"end":{"line":5,"column":39}},"3":{"start":{"line":7,"column":0},"end":{"line":23,"column":3}},"4":{"start":{"line":8,"column":2},"end":{"line":10,"column":3}},"5":{"start":{"line":9,"column":4},"end":{"line":9,"column":25}},"6":{"start":{"line":13,"column":2},"end":{"line":22,"column":5}},"7":{"start":{"line":14,"column":4},"end":{"line":19,"column":5}},"8":{"start":{"line":15,"column":6},"end":{"line":15,"column":23}},"9":{"start":{"line":16,"column":6},"end":{"line":16,"column":57}},"10":{"start":{"line":18,"column":6},"end":{"line":18,"column":20}},"11":{"start":{"line":21,"column":4},"end":{"line":21,"column":19}},"12":{"start":{"line":27,"column":19},"end":{"line":29,"column":3}},"13":{"start":{"line":28,"column":4},"end":{"line":28,"column":19}},"14":{"start":{"line":32,"column":0},"end":{"line":32,"column":35}}},"fnMap":{"0":{"name":"(anonymous_0)","decl":{"start":{"line":7,"column":17},"end":{"line":7,"column":18}},"loc":{"start":{"line":7,"column":38},"end":{"line":23,"column":1}},"line":7},"1":{"name":"(anonymous_1)","decl":{"start":{"line":13,"column":24},"end":{"line":13,"column":25}},"loc":{"start":{"line":13,"column":41},"end":{"line":22,"column":3}},"line":13},"2":{"name":"(anonymous_2)","decl":{"start":{"line":27,"column":19},"end":{"line":27,"column":20}},"loc":{"start":{"line":27,"column":25},"end":{"line":29,"column":3}},"line":27}},"branchMap":{"0":{"loc":{"start":{"line":8,"column":2},"end":{"line":10,"column":3}},"type":"if","locations":[{"start":{"line":8,"column":2},"end":{"line":10,"column":3}},{"start":{"line":8,"column":2},"end":{"line":10,"column":3}}],"line":8},"1":{"loc":{"start":{"line":14,"column":4},"end":{"line":19,"column":5}},"type":"if","locations":[{"start":{"line":14,"column":4},"end":{"line":19,"column":5}},{"start":{"line":14,"column":4},"end":{"line":19,"column":5}}],"line":14}},"s":{"0":1,"1":1,"2":1,"3":1,"4":1,"5":0,"6":1,"7":0,"8":0,"9":0,"10":0,"11":0,"12":0,"13":0,"14":1},"f":{"0":1,"1":0,"2":0},"b":{"0":[0,1],"1":[0,0]},"_coverageSchema":"1a1c01bbd47fc00a2c39e90264f33305004495a9","hash":"d299747209731737e92386564e06e616c2b67bc9"}
}
