{"/Users/ayushman/Desktop/SampleReactNativeApp1/server/src/db.js": {"path":"/Users/ayushman/Desktop/SampleReactNativeApp1/server/src/db.js","statementMap":{"0":{"start":{"line":1,"column":14},"end":{"line":1,"column":30}},"1":{"start":{"line":3,"column":11},"end":{"line":10,"column":2}},"2":{"start":{"line":12,"column":0},"end":{"line":12,"column":20}}},"fnMap":{},"branchMap":{},"s":{"0":2,"1":2,"2":2},"f":{},"b":{},"_coverageSchema":"1a1c01bbd47fc00a2c39e90264f33305004495a9","hash":"3c1db71c95e13558e6ad9dba968613072ebb1e22"}
,"/Users/ayushman/Desktop/SampleReactNativeApp1/server/src/datasources/addProfilePicture-api.js": {"path":"/Users/ayushman/Desktop/SampleReactNativeApp1/server/src/datasources/addProfilePicture-api.js","statementMap":{"0":{"start":{"line":1,"column":11},"end":{"line":1,"column":27}},"1":{"start":{"line":9,"column":22},"end":{"line":31,"column":3}},"2":{"start":{"line":11,"column":22},"end":{"line":11,"column":74}},"3":{"start":{"line":14,"column":4},"end":{"line":28,"column":7}},"4":{"start":{"line":15,"column":6},"end":{"line":17,"column":7}},"5":{"start":{"line":16,"column":8},"end":{"line":16,"column":29}},"6":{"start":{"line":19,"column":6},"end":{"line":27,"column":9}},"7":{"start":{"line":20,"column":8},"end":{"line":25,"column":9}},"8":{"start":{"line":21,"column":10},"end":{"line":21,"column":27}},"9":{"start":{"line":22,"column":10},"end":{"line":22,"column":61}},"10":{"start":{"line":24,"column":10},"end":{"line":24,"column":40}},"11":{"start":{"line":26,"column":8},"end":{"line":26,"column":23}},"12":{"start":{"line":30,"column":4},"end":{"line":30,"column":28}},"13":{"start":{"line":34,"column":0},"end":{"line":34,"column":38}}},"fnMap":{"0":{"name":"(anonymous_0)","decl":{"start":{"line":9,"column":22},"end":{"line":9,"column":23}},"loc":{"start":{"line":9,"column":44},"end":{"line":31,"column":3}},"line":9},"1":{"name":"(anonymous_1)","decl":{"start":{"line":14,"column":21},"end":{"line":14,"column":22}},"loc":{"start":{"line":14,"column":42},"end":{"line":28,"column":5}},"line":14},"2":{"name":"(anonymous_2)","decl":{"start":{"line":19,"column":48},"end":{"line":19,"column":49}},"loc":{"start":{"line":19,"column":65},"end":{"line":27,"column":7}},"line":19}},"branchMap":{"0":{"loc":{"start":{"line":15,"column":6},"end":{"line":17,"column":7}},"type":"if","locations":[{"start":{"line":15,"column":6},"end":{"line":17,"column":7}},{"start":{"line":15,"column":6},"end":{"line":17,"column":7}}],"line":15},"1":{"loc":{"start":{"line":20,"column":8},"end":{"line":25,"column":9}},"type":"if","locations":[{"start":{"line":20,"column":8},"end":{"line":25,"column":9}},{"start":{"line":20,"column":8},"end":{"line":25,"column":9}}],"line":20}},"s":{"0":1,"1":0,"2":0,"3":0,"4":0,"5":0,"6":0,"7":0,"8":0,"9":0,"10":0,"11":0,"12":0,"13":1},"f":{"0":0,"1":0,"2":0},"b":{"0":[0,0],"1":[0,0]},"_coverageSchema":"1a1c01bbd47fc00a2c39e90264f33305004495a9","hash":"8fea93c6d5f7a73bc3632bfe00390674c0df6f65"}
,"/Users/ayushman/Desktop/SampleReactNativeApp1/server/src/datasources/getUserDetails-api.js": {"path":"/Users/ayushman/Desktop/SampleReactNativeApp1/server/src/datasources/getUserDetails-api.js","statementMap":{"0":{"start":{"line":1,"column":11},"end":{"line":1,"column":27}},"1":{"start":{"line":4,"column":11},"end":{"line":4,"column":13}},"2":{"start":{"line":7,"column":18},"end":{"line":7,"column":39}},"3":{"start":{"line":13,"column":19},"end":{"line":35,"column":3}},"4":{"start":{"line":15,"column":4},"end":{"line":31,"column":7}},"5":{"start":{"line":16,"column":6},"end":{"line":18,"column":7}},"6":{"start":{"line":17,"column":8},"end":{"line":17,"column":29}},"7":{"start":{"line":20,"column":6},"end":{"line":30,"column":9}},"8":{"start":{"line":21,"column":8},"end":{"line":27,"column":9}},"9":{"start":{"line":22,"column":10},"end":{"line":22,"column":27}},"10":{"start":{"line":23,"column":10},"end":{"line":23,"column":61}},"11":{"start":{"line":25,"column":10},"end":{"line":25,"column":40}},"12":{"start":{"line":26,"column":10},"end":{"line":26,"column":24}},"13":{"start":{"line":29,"column":8},"end":{"line":29,"column":23}},"14":{"start":{"line":33,"column":4},"end":{"line":33,"column":61}},"15":{"start":{"line":33,"column":35},"end":{"line":33,"column":59}},"16":{"start":{"line":34,"column":4},"end":{"line":34,"column":19}},"17":{"start":{"line":38,"column":0},"end":{"line":38,"column":35}}},"fnMap":{"0":{"name":"(anonymous_0)","decl":{"start":{"line":13,"column":19},"end":{"line":13,"column":20}},"loc":{"start":{"line":13,"column":31},"end":{"line":35,"column":3}},"line":13},"1":{"name":"(anonymous_1)","decl":{"start":{"line":15,"column":21},"end":{"line":15,"column":22}},"loc":{"start":{"line":15,"column":42},"end":{"line":31,"column":5}},"line":15},"2":{"name":"(anonymous_2)","decl":{"start":{"line":20,"column":28},"end":{"line":20,"column":29}},"loc":{"start":{"line":20,"column":45},"end":{"line":30,"column":7}},"line":20},"3":{"name":"(anonymous_3)","decl":{"start":{"line":33,"column":22},"end":{"line":33,"column":23}},"loc":{"start":{"line":33,"column":35},"end":{"line":33,"column":59}},"line":33}},"branchMap":{"0":{"loc":{"start":{"line":16,"column":6},"end":{"line":18,"column":7}},"type":"if","locations":[{"start":{"line":16,"column":6},"end":{"line":18,"column":7}},{"start":{"line":16,"column":6},"end":{"line":18,"column":7}}],"line":16},"1":{"loc":{"start":{"line":21,"column":8},"end":{"line":27,"column":9}},"type":"if","locations":[{"start":{"line":21,"column":8},"end":{"line":27,"column":9}},{"start":{"line":21,"column":8},"end":{"line":27,"column":9}}],"line":21}},"s":{"0":1,"1":1,"2":1,"3":0,"4":0,"5":0,"6":0,"7":0,"8":0,"9":0,"10":0,"11":0,"12":0,"13":0,"14":0,"15":0,"16":0,"17":1},"f":{"0":0,"1":0,"2":0,"3":0},"b":{"0":[0,0],"1":[0,0]},"_coverageSchema":"1a1c01bbd47fc00a2c39e90264f33305004495a9","hash":"a93d9d6954658f7729013dc150147148cab4320b"}
}
