{"/Users/ayushman/Desktop/Training Projects/SampleReactNativeApp1/client/src/screens/HomeScreen.js": {"path":"/Users/ayushman/Desktop/Training Projects/SampleReactNativeApp1/client/src/screens/HomeScreen.js","statementMap":{"0":{"start":{"line":10,"column":28},"end":{"line":18,"column":1}},"1":{"start":{"line":21,"column":30},"end":{"line":25,"column":1}},"2":{"start":{"line":34,"column":42},"end":{"line":34,"column":56}},"3":{"start":{"line":37,"column":25},"end":{"line":39,"column":3}},"4":{"start":{"line":42,"column":46},"end":{"line":42,"column":70}},"5":{"start":{"line":45,"column":32},"end":{"line":50,"column":4}},"6":{"start":{"line":53,"column":33},"end":{"line":53,"column":55}},"7":{"start":{"line":56,"column":32},"end":{"line":56,"column":59}},"8":{"start":{"line":59,"column":20},"end":{"line":59,"column":34}},"9":{"start":{"line":62,"column":31},"end":{"line":64,"column":3}},"10":{"start":{"line":63,"column":4},"end":{"line":63,"column":27}},"11":{"start":{"line":66,"column":2},"end":{"line":70,"column":18}},"12":{"start":{"line":67,"column":4},"end":{"line":67,"column":21}},"13":{"start":{"line":68,"column":4},"end":{"line":68,"column":19}},"14":{"start":{"line":73,"column":31},"end":{"line":75,"column":3}},"15":{"start":{"line":74,"column":4},"end":{"line":74,"column":41}},"16":{"start":{"line":81,"column":25},"end":{"line":101,"column":3}},"17":{"start":{"line":82,"column":4},"end":{"line":100,"column":18}},"18":{"start":{"line":83,"column":24},"end":{"line":83,"column":69}},"19":{"start":{"line":85,"column":6},"end":{"line":99,"column":7}},"20":{"start":{"line":86,"column":8},"end":{"line":96,"column":13}},"21":{"start":{"line":92,"column":12},"end":{"line":92,"column":70}},"22":{"start":{"line":95,"column":12},"end":{"line":95,"column":29}},"23":{"start":{"line":98,"column":8},"end":{"line":98,"column":42}},"24":{"start":{"line":107,"column":23},"end":{"line":126,"column":3}},"25":{"start":{"line":108,"column":4},"end":{"line":125,"column":18}},"26":{"start":{"line":109,"column":24},"end":{"line":109,"column":67}},"27":{"start":{"line":111,"column":6},"end":{"line":124,"column":7}},"28":{"start":{"line":112,"column":22},"end":{"line":112,"column":47}},"29":{"start":{"line":113,"column":18},"end":{"line":113,"column":19}},"30":{"start":{"line":114,"column":8},"end":{"line":118,"column":11}},"31":{"start":{"line":115,"column":10},"end":{"line":117,"column":11}},"32":{"start":{"line":116,"column":12},"end":{"line":116,"column":21}},"33":{"start":{"line":120,"column":8},"end":{"line":123,"column":9}},"34":{"start":{"line":121,"column":10},"end":{"line":121,"column":60}},"35":{"start":{"line":121,"column":29},"end":{"line":121,"column":58}},"36":{"start":{"line":122,"column":10},"end":{"line":122,"column":32}},"37":{"start":{"line":129,"column":2},"end":{"line":131,"column":3}},"38":{"start":{"line":130,"column":4},"end":{"line":130,"column":35}},"39":{"start":{"line":134,"column":2},"end":{"line":136,"column":3}},"40":{"start":{"line":135,"column":4},"end":{"line":135,"column":57}},"41":{"start":{"line":138,"column":2},"end":{"line":180,"column":4}},"42":{"start":{"line":143,"column":12},"end":{"line":146,"column":15}},"43":{"start":{"line":149,"column":12},"end":{"line":149,"column":49}},"44":{"start":{"line":183,"column":15},"end":{"line":226,"column":2}}},"fnMap":{"0":{"name":"HomeScreen","decl":{"start":{"line":32,"column":9},"end":{"line":32,"column":19}},"loc":{"start":{"line":32,"column":34},"end":{"line":181,"column":1}},"line":32},"1":{"name":"(anonymous_1)","decl":{"start":{"line":62,"column":31},"end":{"line":62,"column":32}},"loc":{"start":{"line":62,"column":37},"end":{"line":64,"column":3}},"line":62},"2":{"name":"(anonymous_2)","decl":{"start":{"line":66,"column":12},"end":{"line":66,"column":13}},"loc":{"start":{"line":66,"column":18},"end":{"line":70,"column":3}},"line":66},"3":{"name":"(anonymous_3)","decl":{"start":{"line":73,"column":31},"end":{"line":73,"column":32}},"loc":{"start":{"line":73,"column":37},"end":{"line":75,"column":3}},"line":73},"4":{"name":"(anonymous_4)","decl":{"start":{"line":81,"column":25},"end":{"line":81,"column":26}},"loc":{"start":{"line":81,"column":37},"end":{"line":101,"column":3}},"line":81},"5":{"name":"(anonymous_5)","decl":{"start":{"line":91,"column":16},"end":{"line":91,"column":17}},"loc":{"start":{"line":91,"column":23},"end":{"line":93,"column":11}},"line":91},"6":{"name":"(anonymous_6)","decl":{"start":{"line":94,"column":17},"end":{"line":94,"column":18}},"loc":{"start":{"line":94,"column":24},"end":{"line":96,"column":11}},"line":94},"7":{"name":"(anonymous_7)","decl":{"start":{"line":107,"column":23},"end":{"line":107,"column":24}},"loc":{"start":{"line":107,"column":35},"end":{"line":126,"column":3}},"line":107},"8":{"name":"(anonymous_8)","decl":{"start":{"line":114,"column":20},"end":{"line":114,"column":21}},"loc":{"start":{"line":114,"column":28},"end":{"line":118,"column":9}},"line":114},"9":{"name":"(anonymous_9)","decl":{"start":{"line":121,"column":21},"end":{"line":121,"column":22}},"loc":{"start":{"line":121,"column":29},"end":{"line":121,"column":58}},"line":121},"10":{"name":"(anonymous_10)","decl":{"start":{"line":142,"column":19},"end":{"line":142,"column":20}},"loc":{"start":{"line":142,"column":25},"end":{"line":147,"column":11}},"line":142},"11":{"name":"(anonymous_11)","decl":{"start":{"line":148,"column":23},"end":{"line":148,"column":24}},"loc":{"start":{"line":148,"column":29},"end":{"line":150,"column":11}},"line":148}},"branchMap":{"0":{"loc":{"start":{"line":85,"column":6},"end":{"line":99,"column":7}},"type":"if","locations":[{"start":{"line":85,"column":6},"end":{"line":99,"column":7}},{"start":{"line":85,"column":6},"end":{"line":99,"column":7}}],"line":85},"1":{"loc":{"start":{"line":85,"column":10},"end":{"line":85,"column":54}},"type":"binary-expr","locations":[{"start":{"line":85,"column":10},"end":{"line":85,"column":27}},{"start":{"line":85,"column":31},"end":{"line":85,"column":54}}],"line":85},"2":{"loc":{"start":{"line":111,"column":6},"end":{"line":124,"column":7}},"type":"if","locations":[{"start":{"line":111,"column":6},"end":{"line":124,"column":7}},{"start":{"line":111,"column":6},"end":{"line":124,"column":7}}],"line":111},"3":{"loc":{"start":{"line":111,"column":10},"end":{"line":111,"column":54}},"type":"binary-expr","locations":[{"start":{"line":111,"column":10},"end":{"line":111,"column":27}},{"start":{"line":111,"column":31},"end":{"line":111,"column":54}}],"line":111},"4":{"loc":{"start":{"line":115,"column":10},"end":{"line":117,"column":11}},"type":"if","locations":[{"start":{"line":115,"column":10},"end":{"line":117,"column":11}},{"start":{"line":115,"column":10},"end":{"line":117,"column":11}}],"line":115},"5":{"loc":{"start":{"line":120,"column":8},"end":{"line":123,"column":9}},"type":"if","locations":[{"start":{"line":120,"column":8},"end":{"line":123,"column":9}},{"start":{"line":120,"column":8},"end":{"line":123,"column":9}}],"line":120},"6":{"loc":{"start":{"line":129,"column":2},"end":{"line":131,"column":3}},"type":"if","locations":[{"start":{"line":129,"column":2},"end":{"line":131,"column":3}},{"start":{"line":129,"column":2},"end":{"line":131,"column":3}}],"line":129},"7":{"loc":{"start":{"line":134,"column":2},"end":{"line":136,"column":3}},"type":"if","locations":[{"start":{"line":134,"column":2},"end":{"line":136,"column":3}},{"start":{"line":134,"column":2},"end":{"line":136,"column":3}}],"line":134},"8":{"loc":{"start":{"line":156,"column":28},"end":{"line":156,"column":61}},"type":"cond-expr","locations":[{"start":{"line":156,"column":43},"end":{"line":156,"column":52}},{"start":{"line":156,"column":55},"end":{"line":156,"column":61}}],"line":156}},"s":{"0":1,"1":1,"2":31,"3":31,"4":31,"5":31,"6":31,"7":31,"8":31,"9":31,"10":0,"11":31,"12":7,"13":7,"14":31,"15":1,"16":31,"17":7,"18":7,"19":7,"20":4,"21":3,"22":1,"23":3,"24":31,"25":7,"26":7,"27":7,"28":4,"29":4,"30":4,"31":4,"32":1,"33":4,"34":3,"35":3,"36":3,"37":31,"38":17,"39":14,"40":2,"41":12,"42":1,"43":1,"44":1},"f":{"0":31,"1":0,"2":7,"3":1,"4":7,"5":3,"6":1,"7":7,"8":4,"9":3,"10":1,"11":1},"b":{"0":[4,3],"1":[7,4],"2":[4,3],"3":[7,4],"4":[1,3],"5":[3,1],"6":[17,14],"7":[2,12],"8":[12,0]},"_coverageSchema":"1a1c01bbd47fc00a2c39e90264f33305004495a9","hash":"a94bd50cf38e192115fcd93f0a16e9006b69c88b"}
,"/Users/ayushman/Desktop/Training Projects/SampleReactNativeApp1/client/src/screens/ProfilePictureInput.js": {"path":"/Users/ayushman/Desktop/Training Projects/SampleReactNativeApp1/client/src/screens/ProfilePictureInput.js","statementMap":{"0":{"start":{"line":14,"column":27},"end":{"line":16,"column":3}},"1":{"start":{"line":15,"column":4},"end":{"line":15,"column":32}},"2":{"start":{"line":18,"column":2},"end":{"line":26,"column":4}},"3":{"start":{"line":29,"column":15},"end":{"line":34,"column":2}}},"fnMap":{"0":{"name":"ProfilePictureInput","decl":{"start":{"line":12,"column":9},"end":{"line":12,"column":28}},"loc":{"start":{"line":12,"column":43},"end":{"line":27,"column":1}},"line":12},"1":{"name":"(anonymous_1)","decl":{"start":{"line":14,"column":27},"end":{"line":14,"column":28}},"loc":{"start":{"line":14,"column":33},"end":{"line":16,"column":3}},"line":14}},"branchMap":{},"s":{"0":2,"1":1,"2":2,"3":1},"f":{"0":2,"1":1},"b":{},"_coverageSchema":"1a1c01bbd47fc00a2c39e90264f33305004495a9","hash":"6d54ec0a2b0ea294fe213aeea25e9eccb6c6fd87"}
,"/Users/ayushman/Desktop/Training Projects/SampleReactNativeApp1/client/src/screens/SimpleImagePicker.js": {"path":"/Users/ayushman/Desktop/Training Projects/SampleReactNativeApp1/client/src/screens/SimpleImagePicker.js","statementMap":{"0":{"start":{"line":15,"column":20},"end":{"line":20,"column":3}},"1":{"start":{"line":16,"column":4},"end":{"line":19,"column":18}},"2":{"start":{"line":17,"column":24},"end":{"line":17,"column":46}},"3":{"start":{"line":18,"column":6},"end":{"line":18,"column":60}},"4":{"start":{"line":24,"column":18},"end":{"line":31,"column":5}},"5":{"start":{"line":37,"column":4},"end":{"line":52,"column":7}},"6":{"start":{"line":38,"column":6},"end":{"line":51,"column":7}},"7":{"start":{"line":39,"column":8},"end":{"line":39,"column":51}},"8":{"start":{"line":40,"column":8},"end":{"line":40,"column":52}},"9":{"start":{"line":41,"column":13},"end":{"line":51,"column":7}},"10":{"start":{"line":42,"column":8},"end":{"line":42,"column":59}},"11":{"start":{"line":43,"column":13},"end":{"line":51,"column":7}},"12":{"start":{"line":44,"column":8},"end":{"line":44,"column":74}},"13":{"start":{"line":46,"column":8},"end":{"line":46,"column":34}},"14":{"start":{"line":48,"column":21},"end":{"line":48,"column":40}},"15":{"start":{"line":49,"column":8},"end":{"line":49,"column":26}},"16":{"start":{"line":50,"column":8},"end":{"line":50,"column":33}},"17":{"start":{"line":55,"column":2},"end":{"line":74,"column":4}}},"fnMap":{"0":{"name":"SimpleImagePicker","decl":{"start":{"line":14,"column":24},"end":{"line":14,"column":41}},"loc":{"start":{"line":14,"column":49},"end":{"line":75,"column":1}},"line":14},"1":{"name":"(anonymous_1)","decl":{"start":{"line":15,"column":20},"end":{"line":15,"column":21}},"loc":{"start":{"line":15,"column":36},"end":{"line":20,"column":3}},"line":15},"2":{"name":"selectImage","decl":{"start":{"line":23,"column":11},"end":{"line":23,"column":22}},"loc":{"start":{"line":23,"column":25},"end":{"line":53,"column":3}},"line":23},"3":{"name":"(anonymous_3)","decl":{"start":{"line":37,"column":41},"end":{"line":37,"column":42}},"loc":{"start":{"line":37,"column":59},"end":{"line":52,"column":5}},"line":37}},"branchMap":{"0":{"loc":{"start":{"line":38,"column":6},"end":{"line":51,"column":7}},"type":"if","locations":[{"start":{"line":38,"column":6},"end":{"line":51,"column":7}},{"start":{"line":38,"column":6},"end":{"line":51,"column":7}}],"line":38},"1":{"loc":{"start":{"line":41,"column":13},"end":{"line":51,"column":7}},"type":"if","locations":[{"start":{"line":41,"column":13},"end":{"line":51,"column":7}},{"start":{"line":41,"column":13},"end":{"line":51,"column":7}}],"line":41},"2":{"loc":{"start":{"line":43,"column":13},"end":{"line":51,"column":7}},"type":"if","locations":[{"start":{"line":43,"column":13},"end":{"line":51,"column":7}},{"start":{"line":43,"column":13},"end":{"line":51,"column":7}}],"line":43}},"s":{"0":4,"1":1,"2":1,"3":1,"4":4,"5":4,"6":4,"7":1,"8":1,"9":3,"10":1,"11":2,"12":1,"13":1,"14":1,"15":1,"16":1,"17":4},"f":{"0":4,"1":1,"2":4,"3":4},"b":{"0":[1,3],"1":[1,2],"2":[1,1]},"_coverageSchema":"1a1c01bbd47fc00a2c39e90264f33305004495a9","hash":"698921c7ad5f58d2b4126832c5b9f1256a598695"}
,"/Users/ayushman/Desktop/Training Projects/SampleReactNativeApp1/client/src/screens/StoryInputScreen.js": {"path":"/Users/ayushman/Desktop/Training Projects/SampleReactNativeApp1/client/src/screens/StoryInputScreen.js","statementMap":{"0":{"start":{"line":14,"column":27},"end":{"line":16,"column":3}},"1":{"start":{"line":15,"column":4},"end":{"line":15,"column":32}},"2":{"start":{"line":18,"column":2},"end":{"line":34,"column":4}},"3":{"start":{"line":37,"column":15},"end":{"line":60,"column":2}}},"fnMap":{"0":{"name":"StoryInputScreen","decl":{"start":{"line":12,"column":9},"end":{"line":12,"column":25}},"loc":{"start":{"line":12,"column":40},"end":{"line":35,"column":1}},"line":12},"1":{"name":"(anonymous_1)","decl":{"start":{"line":14,"column":27},"end":{"line":14,"column":28}},"loc":{"start":{"line":14,"column":33},"end":{"line":16,"column":3}},"line":14}},"branchMap":{},"s":{"0":2,"1":1,"2":2,"3":1},"f":{"0":2,"1":1},"b":{},"_coverageSchema":"1a1c01bbd47fc00a2c39e90264f33305004495a9","hash":"ffe3e647d06f227a40d01cbd709f831f3299847c"}
,"/Users/ayushman/Desktop/Training Projects/SampleReactNativeApp1/client/src/screens/StoryScreen.js": {"path":"/Users/ayushman/Desktop/Training Projects/SampleReactNativeApp1/client/src/screens/StoryScreen.js","statementMap":{"0":{"start":{"line":15,"column":42},"end":{"line":15,"column":54}},"1":{"start":{"line":16,"column":22},"end":{"line":16,"column":37}},"2":{"start":{"line":19,"column":34},"end":{"line":19,"column":45}},"3":{"start":{"line":22,"column":22},"end":{"line":48,"column":3}},"4":{"start":{"line":23,"column":42},"end":{"line":23,"column":53}},"5":{"start":{"line":24,"column":36},"end":{"line":24,"column":47}},"6":{"start":{"line":26,"column":4},"end":{"line":37,"column":19}},"7":{"start":{"line":27,"column":25},"end":{"line":31,"column":13}},"8":{"start":{"line":28,"column":8},"end":{"line":30,"column":9}},"9":{"start":{"line":29,"column":10},"end":{"line":29,"column":41}},"10":{"start":{"line":29,"column":30},"end":{"line":29,"column":39}},"11":{"start":{"line":33,"column":6},"end":{"line":36,"column":8}},"12":{"start":{"line":34,"column":8},"end":{"line":34,"column":34}},"13":{"start":{"line":35,"column":8},"end":{"line":35,"column":52}},"14":{"start":{"line":39,"column":4},"end":{"line":45,"column":40}},"15":{"start":{"line":40,"column":6},"end":{"line":44,"column":7}},"16":{"start":{"line":41,"column":8},"end":{"line":41,"column":52}},"17":{"start":{"line":43,"column":8},"end":{"line":43,"column":23}},"18":{"start":{"line":47,"column":4},"end":{"line":47,"column":20}},"19":{"start":{"line":50,"column":2},"end":{"line":61,"column":42}},"20":{"start":{"line":51,"column":21},"end":{"line":58,"column":12}},"21":{"start":{"line":52,"column":6},"end":{"line":57,"column":7}},"22":{"start":{"line":53,"column":8},"end":{"line":53,"column":34}},"23":{"start":{"line":55,"column":8},"end":{"line":55,"column":23}},"24":{"start":{"line":56,"column":8},"end":{"line":56,"column":36}},"25":{"start":{"line":60,"column":4},"end":{"line":60,"column":41}},"26":{"start":{"line":60,"column":17},"end":{"line":60,"column":40}},"27":{"start":{"line":63,"column":19},"end":{"line":63,"column":32}},"28":{"start":{"line":65,"column":2},"end":{"line":79,"column":4}},"29":{"start":{"line":82,"column":15},"end":{"line":106,"column":2}}},"fnMap":{"0":{"name":"StoryScreen","decl":{"start":{"line":13,"column":9},"end":{"line":13,"column":20}},"loc":{"start":{"line":13,"column":42},"end":{"line":80,"column":1}},"line":13},"1":{"name":"(anonymous_1)","decl":{"start":{"line":22,"column":22},"end":{"line":22,"column":23}},"loc":{"start":{"line":22,"column":48},"end":{"line":48,"column":3}},"line":22},"2":{"name":"(anonymous_2)","decl":{"start":{"line":26,"column":14},"end":{"line":26,"column":15}},"loc":{"start":{"line":26,"column":20},"end":{"line":37,"column":5}},"line":26},"3":{"name":"(anonymous_3)","decl":{"start":{"line":27,"column":37},"end":{"line":27,"column":38}},"loc":{"start":{"line":27,"column":43},"end":{"line":31,"column":7}},"line":27},"4":{"name":"(anonymous_4)","decl":{"start":{"line":29,"column":25},"end":{"line":29,"column":26}},"loc":{"start":{"line":29,"column":30},"end":{"line":29,"column":39}},"line":29},"5":{"name":"cleanup","decl":{"start":{"line":33,"column":22},"end":{"line":33,"column":29}},"loc":{"start":{"line":33,"column":32},"end":{"line":36,"column":7}},"line":33},"6":{"name":"(anonymous_6)","decl":{"start":{"line":39,"column":14},"end":{"line":39,"column":15}},"loc":{"start":{"line":39,"column":20},"end":{"line":45,"column":5}},"line":39},"7":{"name":"(anonymous_7)","decl":{"start":{"line":50,"column":12},"end":{"line":50,"column":13}},"loc":{"start":{"line":50,"column":18},"end":{"line":61,"column":3}},"line":50},"8":{"name":"(anonymous_8)","decl":{"start":{"line":51,"column":33},"end":{"line":51,"column":34}},"loc":{"start":{"line":51,"column":39},"end":{"line":58,"column":5}},"line":51},"9":{"name":"(anonymous_9)","decl":{"start":{"line":60,"column":11},"end":{"line":60,"column":12}},"loc":{"start":{"line":60,"column":17},"end":{"line":60,"column":40}},"line":60}},"branchMap":{"0":{"loc":{"start":{"line":22,"column":23},"end":{"line":22,"column":43}},"type":"default-arg","locations":[{"start":{"line":22,"column":42},"end":{"line":22,"column":43}}],"line":22},"1":{"loc":{"start":{"line":28,"column":8},"end":{"line":30,"column":9}},"type":"if","locations":[{"start":{"line":28,"column":8},"end":{"line":30,"column":9}},{"start":{"line":28,"column":8},"end":{"line":30,"column":9}}],"line":28},"2":{"loc":{"start":{"line":40,"column":6},"end":{"line":44,"column":7}},"type":"if","locations":[{"start":{"line":40,"column":6},"end":{"line":44,"column":7}},{"start":{"line":40,"column":6},"end":{"line":44,"column":7}}],"line":40},"3":{"loc":{"start":{"line":52,"column":6},"end":{"line":57,"column":7}},"type":"if","locations":[{"start":{"line":52,"column":6},"end":{"line":57,"column":7}},{"start":{"line":52,"column":6},"end":{"line":57,"column":7}}],"line":52}},"s":{"0":71,"1":71,"2":71,"3":71,"4":71,"5":71,"6":71,"7":65,"8":120,"9":66,"10":66,"11":65,"12":64,"13":64,"14":71,"15":69,"16":63,"17":6,"18":71,"19":71,"20":4,"21":2,"22":1,"23":1,"24":1,"25":4,"26":3,"27":71,"28":71,"29":1},"f":{"0":71,"1":71,"2":65,"3":120,"4":66,"5":64,"6":69,"7":4,"8":2,"9":3},"b":{"0":[71],"1":[66,54],"2":[63,6],"3":[1,1]},"_coverageSchema":"1a1c01bbd47fc00a2c39e90264f33305004495a9","hash":"b9d4b5d596902a83426de31abda56b54d8965eac"}
,"/Users/ayushman/Desktop/Training Projects/SampleReactNativeApp1/client/src/utilities/ProgressBar.js": {"path":"/Users/ayushman/Desktop/Training Projects/SampleReactNativeApp1/client/src/utilities/ProgressBar.js","statementMap":{"0":{"start":{"line":6,"column":20},"end":{"line":12,"column":1}},"1":{"start":{"line":7,"column":2},"end":{"line":11,"column":4}},"2":{"start":{"line":14,"column":15},"end":{"line":31,"column":2}}},"fnMap":{"0":{"name":"(anonymous_0)","decl":{"start":{"line":6,"column":20},"end":{"line":6,"column":21}},"loc":{"start":{"line":6,"column":36},"end":{"line":12,"column":1}},"line":6}},"branchMap":{},"s":{"0":2,"1":71,"2":2},"f":{"0":71},"b":{},"_coverageSchema":"1a1c01bbd47fc00a2c39e90264f33305004495a9","hash":"68d0dd18035ee952fca96d737c63bcb8a7c34a1f"}
,"/Users/ayushman/Desktop/Training Projects/SampleReactNativeApp1/client/src/utilities/Styles.js": {"path":"/Users/ayushman/Desktop/Training Projects/SampleReactNativeApp1/client/src/utilities/Styles.js","statementMap":{"0":{"start":{"line":5,"column":22},"end":{"line":24,"column":2}},"1":{"start":{"line":26,"column":22},"end":{"line":33,"column":1}}},"fnMap":{},"branchMap":{},"s":{"0":3,"1":3},"f":{},"b":{},"_coverageSchema":"1a1c01bbd47fc00a2c39e90264f33305004495a9","hash":"ec74c194c653c4a72290fdc321f86d46c43e4e78"}
}
