{"/Users/ayushman/Desktop/SampleReactNativeApp1/client/src/screens/HomeScreen.js": {"path":"/Users/ayushman/Desktop/SampleReactNativeApp1/client/src/screens/HomeScreen.js","statementMap":{"0":{"start":{"line":10,"column":28},"end":{"line":18,"column":1}},"1":{"start":{"line":20,"column":30},"end":{"line":24,"column":1}},"2":{"start":{"line":38,"column":42},"end":{"line":38,"column":56}},"3":{"start":{"line":40,"column":25},"end":{"line":42,"column":3}},"4":{"start":{"line":44,"column":46},"end":{"line":44,"column":70}},"5":{"start":{"line":46,"column":32},"end":{"line":51,"column":4}},"6":{"start":{"line":53,"column":33},"end":{"line":53,"column":55}},"7":{"start":{"line":55,"column":32},"end":{"line":55,"column":59}},"8":{"start":{"line":57,"column":20},"end":{"line":57,"column":34}},"9":{"start":{"line":59,"column":31},"end":{"line":61,"column":3}},"10":{"start":{"line":60,"column":4},"end":{"line":60,"column":27}},"11":{"start":{"line":63,"column":2},"end":{"line":67,"column":18}},"12":{"start":{"line":64,"column":4},"end":{"line":64,"column":21}},"13":{"start":{"line":65,"column":4},"end":{"line":65,"column":19}},"14":{"start":{"line":69,"column":31},"end":{"line":71,"column":3}},"15":{"start":{"line":70,"column":4},"end":{"line":70,"column":41}},"16":{"start":{"line":73,"column":25},"end":{"line":98,"column":3}},"17":{"start":{"line":74,"column":4},"end":{"line":97,"column":5}},"18":{"start":{"line":75,"column":24},"end":{"line":75,"column":69}},"19":{"start":{"line":77,"column":6},"end":{"line":93,"column":7}},"20":{"start":{"line":79,"column":8},"end":{"line":90,"column":13}},"21":{"start":{"line":85,"column":12},"end":{"line":85,"column":70}},"22":{"start":{"line":89,"column":12},"end":{"line":89,"column":31}},"23":{"start":{"line":92,"column":8},"end":{"line":92,"column":42}},"24":{"start":{"line":100,"column":23},"end":{"line":122,"column":3}},"25":{"start":{"line":101,"column":4},"end":{"line":121,"column":5}},"26":{"start":{"line":102,"column":24},"end":{"line":102,"column":67}},"27":{"start":{"line":104,"column":6},"end":{"line":117,"column":7}},"28":{"start":{"line":105,"column":22},"end":{"line":105,"column":47}},"29":{"start":{"line":106,"column":18},"end":{"line":106,"column":19}},"30":{"start":{"line":107,"column":8},"end":{"line":111,"column":11}},"31":{"start":{"line":108,"column":10},"end":{"line":110,"column":11}},"32":{"start":{"line":109,"column":12},"end":{"line":109,"column":21}},"33":{"start":{"line":113,"column":8},"end":{"line":116,"column":9}},"34":{"start":{"line":114,"column":10},"end":{"line":114,"column":60}},"35":{"start":{"line":114,"column":29},"end":{"line":114,"column":58}},"36":{"start":{"line":115,"column":10},"end":{"line":115,"column":32}},"37":{"start":{"line":128,"column":2},"end":{"line":130,"column":3}},"38":{"start":{"line":129,"column":4},"end":{"line":129,"column":35}},"39":{"start":{"line":132,"column":2},"end":{"line":134,"column":3}},"40":{"start":{"line":133,"column":4},"end":{"line":133,"column":57}},"41":{"start":{"line":136,"column":2},"end":{"line":181,"column":4}},"42":{"start":{"line":143,"column":12},"end":{"line":146,"column":15}},"43":{"start":{"line":149,"column":12},"end":{"line":149,"column":49}},"44":{"start":{"line":184,"column":15},"end":{"line":226,"column":2}}},"fnMap":{"0":{"name":"HomeScreen","decl":{"start":{"line":36,"column":9},"end":{"line":36,"column":19}},"loc":{"start":{"line":36,"column":34},"end":{"line":182,"column":1}},"line":36},"1":{"name":"(anonymous_1)","decl":{"start":{"line":59,"column":31},"end":{"line":59,"column":32}},"loc":{"start":{"line":59,"column":37},"end":{"line":61,"column":3}},"line":59},"2":{"name":"(anonymous_2)","decl":{"start":{"line":63,"column":12},"end":{"line":63,"column":13}},"loc":{"start":{"line":63,"column":18},"end":{"line":67,"column":3}},"line":63},"3":{"name":"(anonymous_3)","decl":{"start":{"line":69,"column":31},"end":{"line":69,"column":32}},"loc":{"start":{"line":69,"column":37},"end":{"line":71,"column":3}},"line":69},"4":{"name":"(anonymous_4)","decl":{"start":{"line":73,"column":25},"end":{"line":73,"column":26}},"loc":{"start":{"line":73,"column":37},"end":{"line":98,"column":3}},"line":73},"5":{"name":"(anonymous_5)","decl":{"start":{"line":84,"column":16},"end":{"line":84,"column":17}},"loc":{"start":{"line":84,"column":23},"end":{"line":86,"column":11}},"line":84},"6":{"name":"(anonymous_6)","decl":{"start":{"line":88,"column":17},"end":{"line":88,"column":18}},"loc":{"start":{"line":88,"column":26},"end":{"line":90,"column":11}},"line":88},"7":{"name":"(anonymous_7)","decl":{"start":{"line":100,"column":23},"end":{"line":100,"column":24}},"loc":{"start":{"line":100,"column":35},"end":{"line":122,"column":3}},"line":100},"8":{"name":"(anonymous_8)","decl":{"start":{"line":107,"column":20},"end":{"line":107,"column":21}},"loc":{"start":{"line":107,"column":28},"end":{"line":111,"column":9}},"line":107},"9":{"name":"(anonymous_9)","decl":{"start":{"line":114,"column":21},"end":{"line":114,"column":22}},"loc":{"start":{"line":114,"column":29},"end":{"line":114,"column":58}},"line":114},"10":{"name":"(anonymous_10)","decl":{"start":{"line":142,"column":19},"end":{"line":142,"column":20}},"loc":{"start":{"line":142,"column":25},"end":{"line":147,"column":11}},"line":142},"11":{"name":"(anonymous_11)","decl":{"start":{"line":148,"column":23},"end":{"line":148,"column":24}},"loc":{"start":{"line":148,"column":29},"end":{"line":150,"column":11}},"line":148}},"branchMap":{"0":{"loc":{"start":{"line":77,"column":6},"end":{"line":93,"column":7}},"type":"if","locations":[{"start":{"line":77,"column":6},"end":{"line":93,"column":7}},{"start":{"line":77,"column":6},"end":{"line":93,"column":7}}],"line":77},"1":{"loc":{"start":{"line":77,"column":10},"end":{"line":77,"column":54}},"type":"binary-expr","locations":[{"start":{"line":77,"column":10},"end":{"line":77,"column":27}},{"start":{"line":77,"column":31},"end":{"line":77,"column":54}}],"line":77},"2":{"loc":{"start":{"line":104,"column":6},"end":{"line":117,"column":7}},"type":"if","locations":[{"start":{"line":104,"column":6},"end":{"line":117,"column":7}},{"start":{"line":104,"column":6},"end":{"line":117,"column":7}}],"line":104},"3":{"loc":{"start":{"line":104,"column":10},"end":{"line":104,"column":54}},"type":"binary-expr","locations":[{"start":{"line":104,"column":10},"end":{"line":104,"column":27}},{"start":{"line":104,"column":31},"end":{"line":104,"column":54}}],"line":104},"4":{"loc":{"start":{"line":108,"column":10},"end":{"line":110,"column":11}},"type":"if","locations":[{"start":{"line":108,"column":10},"end":{"line":110,"column":11}},{"start":{"line":108,"column":10},"end":{"line":110,"column":11}}],"line":108},"5":{"loc":{"start":{"line":113,"column":8},"end":{"line":116,"column":9}},"type":"if","locations":[{"start":{"line":113,"column":8},"end":{"line":116,"column":9}},{"start":{"line":113,"column":8},"end":{"line":116,"column":9}}],"line":113},"6":{"loc":{"start":{"line":128,"column":2},"end":{"line":130,"column":3}},"type":"if","locations":[{"start":{"line":128,"column":2},"end":{"line":130,"column":3}},{"start":{"line":128,"column":2},"end":{"line":130,"column":3}}],"line":128},"7":{"loc":{"start":{"line":132,"column":2},"end":{"line":134,"column":3}},"type":"if","locations":[{"start":{"line":132,"column":2},"end":{"line":134,"column":3}},{"start":{"line":132,"column":2},"end":{"line":134,"column":3}}],"line":132},"8":{"loc":{"start":{"line":156,"column":28},"end":{"line":156,"column":61}},"type":"cond-expr","locations":[{"start":{"line":156,"column":43},"end":{"line":156,"column":52}},{"start":{"line":156,"column":55},"end":{"line":156,"column":61}}],"line":156}},"s":{"0":1,"1":1,"2":31,"3":31,"4":31,"5":31,"6":31,"7":31,"8":31,"9":31,"10":0,"11":31,"12":7,"13":7,"14":31,"15":1,"16":31,"17":7,"18":7,"19":7,"20":4,"21":3,"22":1,"23":3,"24":31,"25":7,"26":7,"27":7,"28":4,"29":4,"30":4,"31":4,"32":1,"33":4,"34":3,"35":3,"36":3,"37":31,"38":17,"39":14,"40":2,"41":12,"42":1,"43":1,"44":1},"f":{"0":31,"1":0,"2":7,"3":1,"4":7,"5":3,"6":1,"7":7,"8":4,"9":3,"10":1,"11":1},"b":{"0":[4,3],"1":[7,4],"2":[4,3],"3":[7,4],"4":[1,3],"5":[3,1],"6":[17,14],"7":[2,12],"8":[12,0]},"_coverageSchema":"1a1c01bbd47fc00a2c39e90264f33305004495a9","hash":"c3c49e88d1e3d623acfecc1f35cf22bc72c6b9a5"}
,"/Users/ayushman/Desktop/SampleReactNativeApp1/client/src/screens/ProfilePictureInput.js": {"path":"/Users/ayushman/Desktop/SampleReactNativeApp1/client/src/screens/ProfilePictureInput.js","statementMap":{"0":{"start":{"line":8,"column":27},"end":{"line":10,"column":3}},"1":{"start":{"line":9,"column":4},"end":{"line":9,"column":32}},"2":{"start":{"line":12,"column":2},"end":{"line":19,"column":4}},"3":{"start":{"line":22,"column":15},"end":{"line":27,"column":2}}},"fnMap":{"0":{"name":"ProfilePictureInput","decl":{"start":{"line":7,"column":9},"end":{"line":7,"column":28}},"loc":{"start":{"line":7,"column":50},"end":{"line":20,"column":1}},"line":7},"1":{"name":"(anonymous_1)","decl":{"start":{"line":8,"column":27},"end":{"line":8,"column":28}},"loc":{"start":{"line":8,"column":33},"end":{"line":10,"column":3}},"line":8}},"branchMap":{},"s":{"0":2,"1":1,"2":2,"3":1},"f":{"0":2,"1":1},"b":{},"_coverageSchema":"1a1c01bbd47fc00a2c39e90264f33305004495a9","hash":"afbe4f2192e34111fddf9f413de3b51172a431f0"}
,"/Users/ayushman/Desktop/SampleReactNativeApp1/client/src/screens/SimpleImagePicker.js": {"path":"/Users/ayushman/Desktop/SampleReactNativeApp1/client/src/screens/SimpleImagePicker.js","statementMap":{"0":{"start":{"line":12,"column":20},"end":{"line":19,"column":3}},"1":{"start":{"line":13,"column":4},"end":{"line":18,"column":5}},"2":{"start":{"line":14,"column":24},"end":{"line":14,"column":46}},"3":{"start":{"line":15,"column":6},"end":{"line":15,"column":60}},"4":{"start":{"line":22,"column":18},"end":{"line":29,"column":5}},"5":{"start":{"line":31,"column":4},"end":{"line":47,"column":7}},"6":{"start":{"line":34,"column":6},"end":{"line":46,"column":7}},"7":{"start":{"line":35,"column":8},"end":{"line":35,"column":51}},"8":{"start":{"line":36,"column":8},"end":{"line":36,"column":52}},"9":{"start":{"line":37,"column":13},"end":{"line":46,"column":7}},"10":{"start":{"line":38,"column":8},"end":{"line":38,"column":59}},"11":{"start":{"line":39,"column":13},"end":{"line":46,"column":7}},"12":{"start":{"line":40,"column":8},"end":{"line":40,"column":74}},"13":{"start":{"line":42,"column":8},"end":{"line":42,"column":34}},"14":{"start":{"line":43,"column":21},"end":{"line":43,"column":40}},"15":{"start":{"line":44,"column":8},"end":{"line":44,"column":26}},"16":{"start":{"line":45,"column":8},"end":{"line":45,"column":33}},"17":{"start":{"line":50,"column":2},"end":{"line":69,"column":4}}},"fnMap":{"0":{"name":"SimpleImagePicker","decl":{"start":{"line":9,"column":24},"end":{"line":9,"column":41}},"loc":{"start":{"line":9,"column":49},"end":{"line":70,"column":1}},"line":9},"1":{"name":"(anonymous_1)","decl":{"start":{"line":12,"column":20},"end":{"line":12,"column":21}},"loc":{"start":{"line":12,"column":36},"end":{"line":19,"column":3}},"line":12},"2":{"name":"selectImage","decl":{"start":{"line":21,"column":11},"end":{"line":21,"column":22}},"loc":{"start":{"line":21,"column":25},"end":{"line":48,"column":3}},"line":21},"3":{"name":"(anonymous_3)","decl":{"start":{"line":31,"column":41},"end":{"line":31,"column":42}},"loc":{"start":{"line":31,"column":59},"end":{"line":47,"column":5}},"line":31}},"branchMap":{"0":{"loc":{"start":{"line":34,"column":6},"end":{"line":46,"column":7}},"type":"if","locations":[{"start":{"line":34,"column":6},"end":{"line":46,"column":7}},{"start":{"line":34,"column":6},"end":{"line":46,"column":7}}],"line":34},"1":{"loc":{"start":{"line":37,"column":13},"end":{"line":46,"column":7}},"type":"if","locations":[{"start":{"line":37,"column":13},"end":{"line":46,"column":7}},{"start":{"line":37,"column":13},"end":{"line":46,"column":7}}],"line":37},"2":{"loc":{"start":{"line":39,"column":13},"end":{"line":46,"column":7}},"type":"if","locations":[{"start":{"line":39,"column":13},"end":{"line":46,"column":7}},{"start":{"line":39,"column":13},"end":{"line":46,"column":7}}],"line":39}},"s":{"0":4,"1":1,"2":1,"3":1,"4":4,"5":4,"6":4,"7":1,"8":1,"9":3,"10":1,"11":2,"12":1,"13":1,"14":1,"15":1,"16":1,"17":4},"f":{"0":4,"1":1,"2":4,"3":4},"b":{"0":[1,3],"1":[1,2],"2":[1,1]},"_coverageSchema":"1a1c01bbd47fc00a2c39e90264f33305004495a9","hash":"5162e6374a41be6eeb406e7de56fd1ea5420fa1c"}
,"/Users/ayushman/Desktop/SampleReactNativeApp1/client/src/screens/StoryInputScreen.js": {"path":"/Users/ayushman/Desktop/SampleReactNativeApp1/client/src/screens/StoryInputScreen.js","statementMap":{"0":{"start":{"line":13,"column":27},"end":{"line":15,"column":3}},"1":{"start":{"line":14,"column":4},"end":{"line":14,"column":32}},"2":{"start":{"line":17,"column":2},"end":{"line":30,"column":4}},"3":{"start":{"line":27,"column":46},"end":{"line":27,"column":73}},"4":{"start":{"line":33,"column":15},"end":{"line":56,"column":2}}},"fnMap":{"0":{"name":"StoryInputScreen","decl":{"start":{"line":8,"column":9},"end":{"line":8,"column":25}},"loc":{"start":{"line":8,"column":40},"end":{"line":31,"column":1}},"line":8},"1":{"name":"(anonymous_1)","decl":{"start":{"line":13,"column":27},"end":{"line":13,"column":28}},"loc":{"start":{"line":13,"column":33},"end":{"line":15,"column":3}},"line":13},"2":{"name":"(anonymous_2)","decl":{"start":{"line":27,"column":40},"end":{"line":27,"column":41}},"loc":{"start":{"line":27,"column":46},"end":{"line":27,"column":73}},"line":27}},"branchMap":{},"s":{"0":3,"1":1,"2":3,"3":1,"4":1},"f":{"0":3,"1":1,"2":1},"b":{},"_coverageSchema":"1a1c01bbd47fc00a2c39e90264f33305004495a9","hash":"6ae470b205b6da18a12a35519a176cd399a82bc9"}
,"/Users/ayushman/Desktop/SampleReactNativeApp1/client/src/screens/StoryScreen.js": {"path":"/Users/ayushman/Desktop/SampleReactNativeApp1/client/src/screens/StoryScreen.js","statementMap":{"0":{"start":{"line":8,"column":42},"end":{"line":8,"column":54}},"1":{"start":{"line":10,"column":22},"end":{"line":10,"column":37}},"2":{"start":{"line":12,"column":34},"end":{"line":12,"column":45}},"3":{"start":{"line":14,"column":22},"end":{"line":40,"column":3}},"4":{"start":{"line":15,"column":42},"end":{"line":15,"column":53}},"5":{"start":{"line":16,"column":36},"end":{"line":16,"column":47}},"6":{"start":{"line":18,"column":4},"end":{"line":29,"column":19}},"7":{"start":{"line":19,"column":25},"end":{"line":23,"column":13}},"8":{"start":{"line":20,"column":8},"end":{"line":22,"column":9}},"9":{"start":{"line":21,"column":10},"end":{"line":21,"column":41}},"10":{"start":{"line":21,"column":30},"end":{"line":21,"column":39}},"11":{"start":{"line":25,"column":6},"end":{"line":28,"column":8}},"12":{"start":{"line":26,"column":8},"end":{"line":26,"column":34}},"13":{"start":{"line":27,"column":8},"end":{"line":27,"column":52}},"14":{"start":{"line":31,"column":4},"end":{"line":37,"column":40}},"15":{"start":{"line":32,"column":6},"end":{"line":36,"column":7}},"16":{"start":{"line":33,"column":8},"end":{"line":33,"column":52}},"17":{"start":{"line":35,"column":8},"end":{"line":35,"column":23}},"18":{"start":{"line":39,"column":4},"end":{"line":39,"column":20}},"19":{"start":{"line":42,"column":2},"end":{"line":53,"column":42}},"20":{"start":{"line":43,"column":21},"end":{"line":50,"column":12}},"21":{"start":{"line":44,"column":6},"end":{"line":49,"column":7}},"22":{"start":{"line":45,"column":8},"end":{"line":45,"column":34}},"23":{"start":{"line":47,"column":8},"end":{"line":47,"column":23}},"24":{"start":{"line":48,"column":8},"end":{"line":48,"column":36}},"25":{"start":{"line":52,"column":4},"end":{"line":52,"column":41}},"26":{"start":{"line":52,"column":17},"end":{"line":52,"column":40}},"27":{"start":{"line":55,"column":19},"end":{"line":55,"column":32}},"28":{"start":{"line":57,"column":2},"end":{"line":71,"column":4}},"29":{"start":{"line":74,"column":15},"end":{"line":98,"column":2}}},"fnMap":{"0":{"name":"StoryScreen","decl":{"start":{"line":7,"column":9},"end":{"line":7,"column":20}},"loc":{"start":{"line":7,"column":42},"end":{"line":72,"column":1}},"line":7},"1":{"name":"(anonymous_1)","decl":{"start":{"line":14,"column":22},"end":{"line":14,"column":23}},"loc":{"start":{"line":14,"column":48},"end":{"line":40,"column":3}},"line":14},"2":{"name":"(anonymous_2)","decl":{"start":{"line":18,"column":14},"end":{"line":18,"column":15}},"loc":{"start":{"line":18,"column":20},"end":{"line":29,"column":5}},"line":18},"3":{"name":"(anonymous_3)","decl":{"start":{"line":19,"column":37},"end":{"line":19,"column":38}},"loc":{"start":{"line":19,"column":43},"end":{"line":23,"column":7}},"line":19},"4":{"name":"(anonymous_4)","decl":{"start":{"line":21,"column":25},"end":{"line":21,"column":26}},"loc":{"start":{"line":21,"column":30},"end":{"line":21,"column":39}},"line":21},"5":{"name":"cleanup","decl":{"start":{"line":25,"column":22},"end":{"line":25,"column":29}},"loc":{"start":{"line":25,"column":32},"end":{"line":28,"column":7}},"line":25},"6":{"name":"(anonymous_6)","decl":{"start":{"line":31,"column":14},"end":{"line":31,"column":15}},"loc":{"start":{"line":31,"column":20},"end":{"line":37,"column":5}},"line":31},"7":{"name":"(anonymous_7)","decl":{"start":{"line":42,"column":12},"end":{"line":42,"column":13}},"loc":{"start":{"line":42,"column":18},"end":{"line":53,"column":3}},"line":42},"8":{"name":"(anonymous_8)","decl":{"start":{"line":43,"column":33},"end":{"line":43,"column":34}},"loc":{"start":{"line":43,"column":39},"end":{"line":50,"column":5}},"line":43},"9":{"name":"(anonymous_9)","decl":{"start":{"line":52,"column":11},"end":{"line":52,"column":12}},"loc":{"start":{"line":52,"column":17},"end":{"line":52,"column":40}},"line":52}},"branchMap":{"0":{"loc":{"start":{"line":14,"column":23},"end":{"line":14,"column":43}},"type":"default-arg","locations":[{"start":{"line":14,"column":42},"end":{"line":14,"column":43}}],"line":14},"1":{"loc":{"start":{"line":20,"column":8},"end":{"line":22,"column":9}},"type":"if","locations":[{"start":{"line":20,"column":8},"end":{"line":22,"column":9}},{"start":{"line":20,"column":8},"end":{"line":22,"column":9}}],"line":20},"2":{"loc":{"start":{"line":32,"column":6},"end":{"line":36,"column":7}},"type":"if","locations":[{"start":{"line":32,"column":6},"end":{"line":36,"column":7}},{"start":{"line":32,"column":6},"end":{"line":36,"column":7}}],"line":32},"3":{"loc":{"start":{"line":44,"column":6},"end":{"line":49,"column":7}},"type":"if","locations":[{"start":{"line":44,"column":6},"end":{"line":49,"column":7}},{"start":{"line":44,"column":6},"end":{"line":49,"column":7}}],"line":44}},"s":{"0":71,"1":71,"2":71,"3":71,"4":71,"5":71,"6":71,"7":65,"8":120,"9":66,"10":66,"11":65,"12":64,"13":64,"14":71,"15":69,"16":63,"17":6,"18":71,"19":71,"20":4,"21":2,"22":1,"23":1,"24":1,"25":4,"26":3,"27":71,"28":71,"29":1},"f":{"0":71,"1":71,"2":65,"3":120,"4":66,"5":64,"6":69,"7":4,"8":2,"9":3},"b":{"0":[71],"1":[66,54],"2":[63,6],"3":[1,1]},"_coverageSchema":"1a1c01bbd47fc00a2c39e90264f33305004495a9","hash":"8a5e3a11d8871ad5c3a7d42ca1d156350d8d3338"}
,"/Users/ayushman/Desktop/SampleReactNativeApp1/client/src/utilities/ProgressBar.js": {"path":"/Users/ayushman/Desktop/SampleReactNativeApp1/client/src/utilities/ProgressBar.js","statementMap":{"0":{"start":{"line":6,"column":20},"end":{"line":12,"column":1}},"1":{"start":{"line":7,"column":2},"end":{"line":11,"column":4}},"2":{"start":{"line":14,"column":15},"end":{"line":31,"column":2}}},"fnMap":{"0":{"name":"(anonymous_0)","decl":{"start":{"line":6,"column":20},"end":{"line":6,"column":21}},"loc":{"start":{"line":6,"column":36},"end":{"line":12,"column":1}},"line":6}},"branchMap":{},"s":{"0":2,"1":71,"2":2},"f":{"0":71},"b":{},"_coverageSchema":"1a1c01bbd47fc00a2c39e90264f33305004495a9","hash":"57c8b02659ed98bf7ac249901d69c4eda06b84b6"}
,"/Users/ayushman/Desktop/SampleReactNativeApp1/client/src/utilities/Styles.js": {"path":"/Users/ayushman/Desktop/SampleReactNativeApp1/client/src/utilities/Styles.js","statementMap":{"0":{"start":{"line":7,"column":22},"end":{"line":27,"column":2}},"1":{"start":{"line":29,"column":22},"end":{"line":36,"column":1}}},"fnMap":{},"branchMap":{},"s":{"0":3,"1":3},"f":{},"b":{},"_coverageSchema":"1a1c01bbd47fc00a2c39e90264f33305004495a9","hash":"21ac7756ca4033c88acc4b28bcd4879fab21d7dd"}
,"/Users/ayushman/Desktop/SampleReactNativeApp1/client/src/utilities/TextInput.js": {"path":"/Users/ayushman/Desktop/SampleReactNativeApp1/client/src/utilities/TextInput.js","statementMap":{"0":{"start":{"line":6,"column":25},"end":{"line":14,"column":1}},"1":{"start":{"line":7,"column":2},"end":{"line":13,"column":4}},"2":{"start":{"line":16,"column":34},"end":{"line":38,"column":1}},"3":{"start":{"line":17,"column":32},"end":{"line":17,"column":48}},"4":{"start":{"line":19,"column":2},"end":{"line":37,"column":4}},"5":{"start":{"line":31,"column":10},"end":{"line":31,"column":29}}},"fnMap":{"0":{"name":"(anonymous_0)","decl":{"start":{"line":6,"column":25},"end":{"line":6,"column":26}},"loc":{"start":{"line":6,"column":34},"end":{"line":14,"column":1}},"line":6},"1":{"name":"(anonymous_1)","decl":{"start":{"line":16,"column":34},"end":{"line":16,"column":35}},"loc":{"start":{"line":16,"column":40},"end":{"line":38,"column":1}},"line":16},"2":{"name":"(anonymous_2)","decl":{"start":{"line":30,"column":22},"end":{"line":30,"column":23}},"loc":{"start":{"line":30,"column":30},"end":{"line":32,"column":9}},"line":30}},"branchMap":{},"s":{"0":2,"1":2,"2":2,"3":4,"4":4,"5":1},"f":{"0":2,"1":4,"2":1},"b":{},"_coverageSchema":"1a1c01bbd47fc00a2c39e90264f33305004495a9","hash":"e1d7bc38be0400c404ba24dfe3bd2406a7c052e4"}
}
