TN:
SF:src/screens/StoryScreen.js
FN:7,StoryScreen
FN:13,(anonymous_1)
FN:17,(anonymous_2)
FN:18,(anonymous_3)
FN:20,(anonymous_4)
FN:24,cleanup
FN:30,(anonymous_6)
FN:41,(anonymous_7)
FN:42,(anonymous_8)
FN:53,cleanup
FNF:10
FNH:5
FNDA:1,StoryScreen
FNDA:1,(anonymous_1)
FNDA:1,(anonymous_2)
FNDA:0,(anonymous_3)
FNDA:0,(anonymous_4)
FNDA:0,cleanup
FNDA:1,(anonymous_6)
FNDA:1,(anonymous_7)
FNDA:0,(anonymous_8)
FNDA:0,cleanup
DA:8,1
DA:9,1
DA:11,1
DA:13,1
DA:14,1
DA:15,1
DA:17,1
DA:18,1
DA:19,0
DA:20,0
DA:24,1
DA:25,0
DA:26,0
DA:30,1
DA:31,1
DA:32,1
DA:34,0
DA:38,1
DA:41,1
DA:42,1
DA:43,0
DA:44,0
DA:45,0
DA:46,0
DA:48,0
DA:49,0
DA:53,1
DA:54,0
DA:58,1
DA:60,1
DA:77,1
LF:31
LH:19
BRDA:13,0,0,1
BRDA:19,1,0,0
BRDA:19,1,1,0
BRDA:31,2,0,1
BRDA:31,2,1,0
BRDA:44,3,0,0
BRDA:44,3,1,0
BRF:7
BRH:2
end_of_record
TN:
SF:src/utilities/ProgressBar.js
FN:6,(anonymous_0)
FNF:1
FNH:1
FNDA:1,(anonymous_0)
DA:6,1
DA:7,1
DA:14,1
LF:3
LH:3
BRF:0
BRH:0
end_of_record
