TN:
SF:src/screens/HomeScreen.js
FN:36,HomeScreen
FN:59,(anonymous_1)
FN:63,(anonymous_2)
FN:69,(anonymous_3)
FN:73,(anonymous_4)
FN:84,(anonymous_5)
FN:88,(anonymous_6)
FN:100,(anonymous_7)
FN:107,(anonymous_8)
FN:114,(anonymous_9)
FN:142,(anonymous_10)
FN:148,(anonymous_11)
FNF:12
FNH:11
FNDA:31,HomeScreen
FNDA:0,(anonymous_1)
FNDA:7,(anonymous_2)
FNDA:1,(anonymous_3)
FNDA:7,(anonymous_4)
FNDA:3,(anonymous_5)
FNDA:1,(anonymous_6)
FNDA:7,(anonymous_7)
FNDA:4,(anonymous_8)
FNDA:3,(anonymous_9)
FNDA:1,(anonymous_10)
FNDA:1,(anonymous_11)
DA:10,1
DA:20,1
DA:38,31
DA:40,31
DA:44,31
DA:46,31
DA:53,31
DA:55,31
DA:57,31
DA:59,31
DA:60,0
DA:63,31
DA:64,7
DA:65,7
DA:69,31
DA:70,1
DA:73,31
DA:74,7
DA:75,7
DA:77,7
DA:79,4
DA:85,3
DA:89,1
DA:92,3
DA:100,31
DA:101,7
DA:102,7
DA:104,7
DA:105,4
DA:106,4
DA:107,4
DA:108,4
DA:109,1
DA:113,4
DA:114,3
DA:115,3
DA:128,31
DA:129,17
DA:132,14
DA:133,2
DA:136,12
DA:143,1
DA:149,1
DA:184,1
LF:44
LH:43
BRDA:77,0,0,4
BRDA:77,0,1,3
BRDA:77,1,0,7
BRDA:77,1,1,4
BRDA:104,2,0,4
BRDA:104,2,1,3
BRDA:104,3,0,7
BRDA:104,3,1,4
BRDA:108,4,0,1
BRDA:108,4,1,3
BRDA:113,5,0,3
BRDA:113,5,1,1
BRDA:128,6,0,17
BRDA:128,6,1,14
BRDA:132,7,0,2
BRDA:132,7,1,12
BRDA:156,8,0,12
BRDA:156,8,1,0
BRF:18
BRH:17
end_of_record
TN:
SF:src/screens/ProfilePictureInput.js
FN:7,ProfilePictureInput
FN:8,(anonymous_1)
FNF:2
FNH:2
FNDA:2,ProfilePictureInput
FNDA:1,(anonymous_1)
DA:8,2
DA:9,1
DA:12,2
DA:22,1
LF:4
LH:4
BRF:0
BRH:0
end_of_record
TN:
SF:src/screens/SimpleImagePicker.js
FN:9,SimpleImagePicker
FN:12,(anonymous_1)
FN:21,selectImage
FN:31,(anonymous_3)
FNF:4
FNH:4
FNDA:4,SimpleImagePicker
FNDA:1,(anonymous_1)
FNDA:4,selectImage
FNDA:4,(anonymous_3)
DA:12,4
DA:13,1
DA:14,1
DA:15,1
DA:22,4
DA:31,4
DA:34,4
DA:35,1
DA:36,1
DA:37,3
DA:38,1
DA:39,2
DA:40,1
DA:42,1
DA:43,1
DA:44,1
DA:45,1
DA:50,4
LF:18
LH:18
BRDA:34,0,0,1
BRDA:34,0,1,3
BRDA:37,1,0,1
BRDA:37,1,1,2
BRDA:39,2,0,1
BRDA:39,2,1,1
BRF:6
BRH:6
end_of_record
TN:
SF:src/screens/StoryInputScreen.js
FN:8,StoryInputScreen
FN:13,(anonymous_1)
FN:27,(anonymous_2)
FNF:3
FNH:3
FNDA:3,StoryInputScreen
FNDA:1,(anonymous_1)
FNDA:1,(anonymous_2)
DA:13,3
DA:14,1
DA:17,3
DA:27,1
DA:33,1
LF:5
LH:5
BRF:0
BRH:0
end_of_record
TN:
SF:src/screens/StoryScreen.js
FN:7,StoryScreen
FN:14,(anonymous_1)
FN:18,(anonymous_2)
FN:19,(anonymous_3)
FN:21,(anonymous_4)
FN:25,cleanup
FN:31,(anonymous_6)
FN:42,(anonymous_7)
FN:43,(anonymous_8)
FN:52,(anonymous_9)
FNF:10
FNH:10
FNDA:71,StoryScreen
FNDA:71,(anonymous_1)
FNDA:65,(anonymous_2)
FNDA:120,(anonymous_3)
FNDA:66,(anonymous_4)
FNDA:64,cleanup
FNDA:69,(anonymous_6)
FNDA:4,(anonymous_7)
FNDA:2,(anonymous_8)
FNDA:3,(anonymous_9)
DA:8,71
DA:10,71
DA:12,71
DA:14,71
DA:15,71
DA:16,71
DA:18,71
DA:19,65
DA:20,120
DA:21,66
DA:25,65
DA:26,64
DA:27,64
DA:31,71
DA:32,69
DA:33,63
DA:35,6
DA:39,71
DA:42,71
DA:43,4
DA:44,2
DA:45,1
DA:47,1
DA:48,1
DA:52,4
DA:55,71
DA:57,71
DA:74,1
LF:28
LH:28
BRDA:14,0,0,71
BRDA:20,1,0,66
BRDA:20,1,1,54
BRDA:32,2,0,63
BRDA:32,2,1,6
BRDA:44,3,0,1
BRDA:44,3,1,1
BRF:7
BRH:7
end_of_record
TN:
SF:src/utilities/ProgressBar.js
FN:6,(anonymous_0)
FNF:1
FNH:1
FNDA:71,(anonymous_0)
DA:6,2
DA:7,71
DA:14,2
LF:3
LH:3
BRF:0
BRH:0
end_of_record
TN:
SF:src/utilities/Styles.js
FNF:0
FNH:0
DA:7,3
DA:29,3
LF:2
LH:2
BRF:0
BRH:0
end_of_record
TN:
SF:src/utilities/TextInput.js
FN:6,(anonymous_0)
FN:16,(anonymous_1)
FN:30,(anonymous_2)
FNF:3
FNH:3
FNDA:2,(anonymous_0)
FNDA:4,(anonymous_1)
FNDA:1,(anonymous_2)
DA:6,2
DA:7,2
DA:16,2
DA:17,4
DA:19,4
DA:31,1
LF:6
LH:6
BRF:0
BRH:0
end_of_record
